0 info it worked if it ends with ok
1 verbose cli [ 'D:\\nodejs\\node.exe',
1 verbose cli   'C:\\Users\\hh_lo\\.npm-packages\\node_modules\\npm\\bin\\npm-cli.js',
1 verbose cli   'run',
1 verbose cli   'deploy' ]
2 info using npm@3.10.5
3 info using node@v6.1.0
4 verbose run-script [ 'predeploy', 'deploy', 'postdeploy' ]
5 info lifecycle codesheep.io@1.0.0~predeploy: codesheep.io@1.0.0
6 silly lifecycle codesheep.io@1.0.0~predeploy: no script for predeploy, continuing
7 info lifecycle codesheep.io@1.0.0~deploy: codesheep.io@1.0.0
8 verbose lifecycle codesheep.io@1.0.0~deploy: unsafe-perm in lifecycle true
9 verbose lifecycle codesheep.io@1.0.0~deploy: PATH: C:\Users\hh_lo\.npm-packages\node_modules\npm\bin\node-gyp-bin;D:\streaming\codesheep.io\node_modules\.bin;D:\nodejs;C:\Program Files\Cmder\bin;C:\Program Files\Git\bin;C:\Program Files\Git\usr\bin;C:\Program Files\Git\share\vim\vim74;C:\Program Files\Cmder\vendor\conemu-maximus5\ConEmu\Scripts;C:\Program Files\Cmder\vendor\conemu-maximus5;C:\Program Files\Cmder\vendor\conemu-maximus5\ConEmu;C:\ProgramData\Oracle\Java\javapath;C:\Windows\system32;C:\Windows;C:\Windows\System32\Wbem;C:\Windows\System32\WindowsPowerShell\v1.0\;C:\Program Files\Git\cmd;C:\Users\hh_lo\AppData\Local\Programs\Python\Python35-32;C:\Program Files\Microsoft SQL Server\Client SDK\ODBC\110\Tools\Binn\;E:\Microsoft SQL Server\120\Tools\Binn\;C:\Program Files\Microsoft SQL Server\120\Tools\Binn\;C:\Program Files\Microsoft SQL Server\120\DTS\Binn\;E:\Microsoft SQL Server\120\Tools\Binn\ManagementStudio\;E:\Microsoft SQL Server\120\DTS\Binn\;D:\xampp\php;C:\ProgramData\ComposerSetup\bin;C:\Python27\;D:\nodejs\;C:\Windows\system32\config\systemprofile\.dnx\bin;C:\Program Files\Microsoft DNX\Dnvm\;C:\Program Files (x86)\Windows Kits\8.1\Windows Performance Toolkit\;C:\Program Files\Microsoft SQL Server\130\Tools\Binn\;C:\Users\hh_lo\.npm-packages;C:\Users\hh_lo\AppData\Local\atom\bin;C:\Users\hh_lo\AppData\Roaming\Composer\vendor\bin;C:\Python27\;C:\Program Files (x86)\Microsoft VS Code\bin;C:\Users\hh_lo\AppData\Roaming\npm;C:\Program Files\Cmder
10 verbose lifecycle codesheep.io@1.0.0~deploy: CWD: D:\streaming\codesheep.io
11 silly lifecycle codesheep.io@1.0.0~deploy: Args: [ '/d /s /c',
11 silly lifecycle   'gatsby build --prefix-links && gh-pages -d cname' ]
12 silly lifecycle codesheep.io@1.0.0~deploy: Returned: code: 1  signal: null
13 info lifecycle codesheep.io@1.0.0~deploy: Failed to exec deploy script
14 verbose stack Error: codesheep.io@1.0.0 deploy: `gatsby build --prefix-links && gh-pages -d cname`
14 verbose stack Exit status 1
14 verbose stack     at EventEmitter.<anonymous> (C:\Users\hh_lo\.npm-packages\node_modules\npm\lib\utils\lifecycle.js:242:16)
14 verbose stack     at emitTwo (events.js:106:13)
14 verbose stack     at EventEmitter.emit (events.js:191:7)
14 verbose stack     at ChildProcess.<anonymous> (C:\Users\hh_lo\.npm-packages\node_modules\npm\lib\utils\spawn.js:40:14)
14 verbose stack     at emitTwo (events.js:106:13)
14 verbose stack     at ChildProcess.emit (events.js:191:7)
14 verbose stack     at maybeClose (internal/child_process.js:850:16)
14 verbose stack     at Process.ChildProcess._handle.onexit (internal/child_process.js:215:5)
15 verbose pkgid codesheep.io@1.0.0
16 verbose cwd D:\streaming\codesheep.io
17 error Windows_NT 10.0.10586
18 error argv "D:\\nodejs\\node.exe" "C:\\Users\\hh_lo\\.npm-packages\\node_modules\\npm\\bin\\npm-cli.js" "run" "deploy"
19 error node v6.1.0
20 error npm  v3.10.5
21 error code ELIFECYCLE
22 error codesheep.io@1.0.0 deploy: `gatsby build --prefix-links && gh-pages -d cname`
22 error Exit status 1
23 error Failed at the codesheep.io@1.0.0 deploy script 'gatsby build --prefix-links && gh-pages -d cname'.
23 error Make sure you have the latest version of node.js and npm installed.
23 error If you do, this is most likely a problem with the codesheep.io package,
23 error not with npm itself.
23 error Tell the author that this fails on your system:
23 error     gatsby build --prefix-links && gh-pages -d cname
23 error You can get information on how to open an issue for this project with:
23 error     npm bugs codesheep.io
23 error Or if that isn't available, you can get their info via:
23 error     npm owner ls codesheep.io
23 error There is likely additional logging output above.
24 verbose exit [ 1, true ]
